<?xml version="1.0" encoding="UTF-8"?>
<testng-results skipped="0" failed="0" total="1" passed="1">
  <reporter-output>
  </reporter-output>
  <suite name="example suite 1" duration-ms="5434" started-at="2018-08-13T08:15:49Z" finished-at="2018-08-13T08:15:54Z">
    <groups>
    </groups>
    <test name="Regression suite 1" duration-ms="5434" started-at="2018-08-13T08:15:49Z" finished-at="2018-08-13T08:15:54Z">
      <class name="com.ogarnij.TestClass">
        <test-method status="PASS" signature="setUpChromeDriver()[pri:0, instance:com.ogarnij.TestClass@5b275dab]" name="setUpChromeDriver" is-config="true" duration-ms="9" started-at="2018-08-13T10:15:49Z" finished-at="2018-08-13T10:15:49Z">
          <reporter-output>
          </reporter-output>
        </test-method> <!-- setUpChromeDriver -->
        <test-method status="PASS" signature="callWebDriver()[pri:0, instance:com.ogarnij.TestClass@5b275dab]" name="callWebDriver" duration-ms="5409" started-at="2018-08-13T10:15:49Z" finished-at="2018-08-13T10:15:54Z">
          <reporter-output>
          </reporter-output>
        </test-method> <!-- callWebDriver -->
      </class> <!-- com.ogarnij.TestClass -->
    </test> <!-- Regression suite 1 -->
  </suite> <!-- example suite 1 -->
</testng-results>
